[2026-03-26T03:32:17Z] [DAEMON] LFI IPC Daemon v5.6 starting. Sovereign root: /root/lfi_project
[2026-03-26T03:32:17Z] [DAEMON] Enforcing Zero-Trust routing on bus files.
[2026-03-26T03:32:17Z] [DAEMON] Watchdog active. Monitoring: /root/lfi_project/lfi_bus.json, /root/lfi_project/lfi_audit.json
Setting up watches.
Watches established.
[2026-03-26T03:37:34Z] [DAEMON] EVENT [BETA -> AUDIT]: Resolution posted. Alpha cleared to read.
[2026-03-26T03:37:34Z] [DAEMON] EVENT [BETA -> AUDIT]: Resolution posted. Alpha cleared to read.
[2026-03-26T03:37:34Z] [DAEMON] EVENT [BETA -> AUDIT]: Resolution posted. Alpha cleared to read.
[2026-03-26T03:48:52Z] [DAEMON] EVENT [ALPHA -> BUS]: Payload injected. Awaiting Beta audit.
[2026-03-26T03:48:52Z] [DAEMON] EVENT [ALPHA -> BUS]: Payload injected. Awaiting Beta audit.
[2026-03-26T03:48:52Z] [DAEMON] EVENT [ALPHA -> BUS]: Payload injected. Awaiting Beta audit.
[2026-03-26T03:49:06Z] [DAEMON] EVENT [BETA -> AUDIT]: Resolution posted. Alpha cleared to read.
[2026-03-26T03:49:06Z] [DAEMON] EVENT [BETA -> AUDIT]: Resolution posted. Alpha cleared to read.
[2026-03-26T03:49:06Z] [DAEMON] EVENT [BETA -> AUDIT]: Resolution posted. Alpha cleared to read.
[2026-03-26T03:49:33Z] [LOG] Manual state-reset executed by Root Authority.
[2026-03-26T03:55:15Z] [DAEMON] EVENT [BETA -> AUDIT]: Resolution posted. Alpha cleared to read.
[2026-03-26T03:55:15Z] [DAEMON] EVENT [BETA -> AUDIT]: Resolution posted. Alpha cleared to read.
[2026-03-26T03:55:15Z] [DAEMON] EVENT [BETA -> AUDIT]: Resolution posted. Alpha cleared to read.
[2026-03-27T08:11:12Z] [DAEMON] LFI IPC Daemon v5.6 starting. Sovereign root: /root/lfi_project
[2026-03-27T08:11:12Z] [DAEMON] Enforcing Zero-Trust routing on bus files.
[2026-03-27T08:11:12Z] [DAEMON] Watchdog active. Monitoring: /root/lfi_project/lfi_bus.json, /root/lfi_project/lfi_audit.json
Setting up watches.
Watches established.
[2026-03-27T09:26:26Z] [DAEMON] EVENT [ALPHA -> BUS]: Payload injected. Awaiting Beta audit.
[2026-03-27T09:26:38Z] [DAEMON] EVENT [BETA -> AUDIT]: Resolution posted. Alpha cleared to read.
[2026-03-27T09:27:28Z] [DAEMON] EVENT [ALPHA -> BUS]: Payload injected. Awaiting Beta audit.
[2026-03-27T09:27:41Z] [DAEMON] EVENT [BETA -> AUDIT]: Resolution posted. Alpha cleared to read.
[2026-03-27T09:38:50Z] [DAEMON] EVENT [ALPHA -> BUS]: Payload injected. Awaiting Beta audit.
[2026-03-27T10:37:49Z] [DAEMON] EVENT [ALPHA -> BUS]: Payload injected. Awaiting Beta audit.
